<?xml version="1.0" encoding="UTF-8"?>
<!-- Generated by org.testng.reporters.JUnitXMLReporter -->
<testsuite ignored="0" hostname="DESKTOP-TKMLJJN" failures="0" tests="4" name="Web Appication Test" time="68.25" errors="0" timestamp="2026-03-24T21:27:14 IST">
  <testcase classname="com.mdm.test.HRM_Login_Test" name="loginTest_Valid_userName_passWord" time="9.705"/>
  <testcase classname="com.mdm.test.HRM_Login_Test" name="loginTest_inValid_passWord" time="26.72"/>
  <testcase classname="com.mdm.test.HRM_PIM_Test" name="empListValidation" time="14.32"/>
  <testcase classname="com.mdm.test.HRM_PIM_Test" name="eployeeSearchValidation" time="12.803"/>
</testsuite> <!-- Web Appication Test -->
