<?xml version="1.0" encoding="UTF-8"?>
<!-- Generated by org.testng.reporters.JUnitXMLReporter -->
<testsuite ignored="0" hostname="DESKTOP-TKMLJJN" failures="1" tests="4" name="Web Appication Test" time="65.412" errors="0" timestamp="2026-03-25T17:32:01 IST">
  <testcase classname="com.mdm.test.HRM_Login_Test" name="loginTest_Valid_userName_passWord" time="9.787"/>
  <testcase classname="com.mdm.test.HRM_Login_Test" name="loginTest_inValid_passWord" time="1.483"/>
  <testcase classname="com.mdm.test.HRM_PIM_Test" name="empListValidation" time="0.0">
    <failure type="org.testng.TestNGException" message="
Cannot inject @Test annotated Method [empListValidation] with [int].
For more information on native dependency injection please refer to https://testng.org/doc/documentation-main.html#native-dependency-injection">
      <![CDATA[org.testng.TestNGException: 
Cannot inject @Test annotated Method [empListValidation] with [int].
For more information on native dependency injection please refer to https://testng.org/doc/documentation-main.html#native-dependency-injection
at java.base/java.util.ArrayList.forEach(ArrayList.java:1604)
... Removed 26 stack frames]]>
    </failure>
  </testcase> <!-- empListValidation -->
  <testcase classname="com.mdm.test.HRM_PIM_Test" name="eployeeSearchValidation" time="20.09"/>
</testsuite> <!-- Web Appication Test -->
