<?xml version="1.0" encoding="UTF-8"?>
<!-- Generated by org.testng.reporters.JUnitXMLReporter -->
<testsuite ignored="0" hostname="DESKTOP-TKMLJJN" failures="0" tests="2" name="Default test" time="24.247" errors="0" timestamp="2026-03-20T16:54:23 IST">
  <testcase classname="com.mdm.test.HRM_Login_Test" name="loginTest_Valid_userName_passWord" time="10.263"/>
  <testcase classname="com.mdm.test.HRM_Login_Test" name="loginTest_inValid_passWord" time="10.855"/>
</testsuite> <!-- Default test -->
