<?xml version="1.0" encoding="UTF-8"?>
<testng-results ignored="0" total="2" passed="2" failed="0" skipped="0">
  <reporter-output>
  </reporter-output>
  <suite started-at="2026-03-20T16:53:59 IST" name="Default suite" finished-at="2026-03-20T16:54:23 IST" duration-ms="24247">
    <groups>
    </groups>
    <test started-at="2026-03-20T16:53:59 IST" name="Default test" finished-at="2026-03-20T16:54:23 IST" duration-ms="24247">
      <class name="com.mdm.test.HRM_Login_Test">
        <test-method is-config="true" signature="setUp()[pri:0, instance:com.mdm.test.HRM_Login_Test@50a638b5]" started-at="2026-03-20T16:53:59 IST" name="setUp" finished-at="2026-03-20T16:54:01 IST" duration-ms="1716" status="PASS">
          <reporter-output>
          </reporter-output>
        </test-method> <!-- setUp -->
        <test-method signature="loginTest_Valid_userName_passWord()[pri:0, instance:com.mdm.test.HRM_Login_Test@50a638b5]" started-at="2026-03-20T16:54:01 IST" name="loginTest_Valid_userName_passWord" finished-at="2026-03-20T16:54:11 IST" duration-ms="10263" status="PASS">
          <reporter-output>
          </reporter-output>
        </test-method> <!-- loginTest_Valid_userName_passWord -->
        <test-method is-config="true" signature="tearDown()[pri:0, instance:com.mdm.test.HRM_Login_Test@50a638b5]" started-at="2026-03-20T16:54:11 IST" name="tearDown" finished-at="2026-03-20T16:54:11 IST" duration-ms="263" status="PASS">
          <reporter-output>
          </reporter-output>
        </test-method> <!-- tearDown -->
        <test-method is-config="true" signature="setUp()[pri:0, instance:com.mdm.test.HRM_Login_Test@50a638b5]" started-at="2026-03-20T16:54:11 IST" name="setUp" finished-at="2026-03-20T16:54:12 IST" duration-ms="843" status="PASS">
          <reporter-output>
          </reporter-output>
        </test-method> <!-- setUp -->
        <test-method signature="loginTest_inValid_passWord()[pri:0, instance:com.mdm.test.HRM_Login_Test@50a638b5]" started-at="2026-03-20T16:54:12 IST" name="loginTest_inValid_passWord" finished-at="2026-03-20T16:54:23 IST" duration-ms="10855" status="PASS">
          <reporter-output>
          </reporter-output>
        </test-method> <!-- loginTest_inValid_passWord -->
        <test-method is-config="true" signature="tearDown()[pri:0, instance:com.mdm.test.HRM_Login_Test@50a638b5]" started-at="2026-03-20T16:54:23 IST" name="tearDown" finished-at="2026-03-20T16:54:23 IST" duration-ms="256" status="PASS">
          <reporter-output>
          </reporter-output>
        </test-method> <!-- tearDown -->
      </class> <!-- com.mdm.test.HRM_Login_Test -->
    </test> <!-- Default test -->
  </suite> <!-- Default suite -->
</testng-results>
