<?xml version="1.0" encoding="UTF-8"?>
<testng-results ignored="0" total="1" passed="1" failed="0" skipped="0">
  <reporter-output>
  </reporter-output>
  <suite started-at="2026-03-19T23:13:08 IST" name="Default suite" finished-at="2026-03-19T23:13:16 IST" duration-ms="7860">
    <groups>
    </groups>
    <test started-at="2026-03-19T23:13:08 IST" name="Default test" finished-at="2026-03-19T23:13:16 IST" duration-ms="7860">
      <class name="com.mdm.test.HRM_Login_Test">
        <test-method is-config="true" signature="setUp()[pri:0, instance:com.mdm.test.HRM_Login_Test@636be97c]" started-at="2026-03-19T23:13:08 IST" name="setUp" finished-at="2026-03-19T23:13:09 IST" duration-ms="1454" status="PASS">
          <reporter-output>
          </reporter-output>
        </test-method> <!-- setUp -->
        <test-method signature="loginTest_Valid_userName_passWord()[pri:0, instance:com.mdm.test.HRM_Login_Test@636be97c]" started-at="2026-03-19T23:13:09 IST" name="loginTest_Valid_userName_passWord" finished-at="2026-03-19T23:13:15 IST" duration-ms="6214" status="PASS">
          <reporter-output>
          </reporter-output>
        </test-method> <!-- loginTest_Valid_userName_passWord -->
        <test-method is-config="true" signature="tearDown()[pri:0, instance:com.mdm.test.HRM_Login_Test@636be97c]" started-at="2026-03-19T23:13:15 IST" name="tearDown" finished-at="2026-03-19T23:13:16 IST" duration-ms="164" status="PASS">
          <reporter-output>
          </reporter-output>
        </test-method> <!-- tearDown -->
      </class> <!-- com.mdm.test.HRM_Login_Test -->
    </test> <!-- Default test -->
  </suite> <!-- Default suite -->
</testng-results>
