<?xml version="1.0" encoding="UTF-8"?>
<!-- Generated by org.testng.reporters.JUnitReportReporter -->
<testsuite hostname="DESKTOP-TKMLJJN" failures="0" tests="2" name="com.mdm.test.HRM_Login_Test" time="24.196" errors="0" timestamp="2026-03-20T16:54:23 IST" skipped="0">
  <testcase classname="com.mdm.test.HRM_Login_Test" name="loginTest_inValid_passWord" time="12.827"/>
  <testcase classname="com.mdm.test.HRM_Login_Test" name="loginTest_Valid_userName_passWord" time="11.369"/>
</testsuite> <!-- com.mdm.test.HRM_Login_Test -->
