<?xml version="1.0" encoding="UTF-8"?>
<!-- Generated by org.testng.reporters.JUnitReportReporter -->
<testsuite hostname="DESKTOP-TKMLJJN" failures="0" tests="2" name="com.mdm.test.HRM_PIM_Test" time="29.024" errors="0" timestamp="2026-03-24T21:27:14 IST" skipped="0">
  <testcase classname="com.mdm.test.HRM_PIM_Test" name="eployeeSearchValidation" time="13.752"/>
  <testcase classname="com.mdm.test.HRM_PIM_Test" name="empListValidation" time="15.272"/>
</testsuite> <!-- com.mdm.test.HRM_PIM_Test -->
